android/app/build/intermediates/manifest_merge_blame_file/debug/manifest-merger-blame-debug-report.txt
1<?xml version="1.0" encoding="utf-8"?>
2<manifest xmlns:android="http://schemas.android.com/apk/res/android"
3    package="com.example.pet_care_app"
4    android:versionCode="1"
5    android:versionName="0.1.0" >
6
7    <uses-sdk
8        android:minSdkVersion="23"
9        android:targetSdkVersion="35" />
10    <!--
11         The INTERNET permission is required for development. Specifically,
12         the Flutter tool needs it to communicate with the running application
13         to allow setting breakpoints, to provide hot reload, etc.
14    -->
15    <uses-permission android:name="android.permission.INTERNET" />
15-->src\debug\AndroidManifest.xml:6:5-66
15-->src\debug\AndroidManifest.xml:6:22-64
16    <!--
17     Required to query activities that can process text, see:
18         https://developer.android.com/training/package-visibility and
19         https://developer.android.com/reference/android/content/Intent#ACTION_PROCESS_TEXT.
20
21         In particular, this is used by the Flutter engine in io.flutter.plugin.text.ProcessTextPlugin.
22    -->
23    <queries>
23-->src\main\AndroidManifest.xml:47:5-52:15
24        <intent>
24-->src\main\AndroidManifest.xml:48:9-51:18
25            <action android:name="android.intent.action.PROCESS_TEXT" />
25-->src\main\AndroidManifest.xml:49:13-73
25-->src\main\AndroidManifest.xml:49:21-70
26
27            <data android:mimeType="text/plain" />
27-->src\main\AndroidManifest.xml:50:13-51
27-->src\main\AndroidManifest.xml:50:19-48
28        </intent>
29        <intent>
29-->[com.razorpay:standard-core:1.6.46] AndroidManifest.xml:11:9-17:18
30            <action android:name="android.intent.action.VIEW" />
30-->[com.google.firebase:firebase-auth:23.2.0] AndroidManifest.xml:36:17-69
30-->[com.google.firebase:firebase-auth:23.2.0] AndroidManifest.xml:36:25-66
31
32            <data
32-->src\main\AndroidManifest.xml:50:13-51
33                android:mimeType="*/*"
33-->src\main\AndroidManifest.xml:50:19-48
34                android:scheme="*" />
35        </intent>
36        <intent>
36-->[com.razorpay:standard-core:1.6.46] AndroidManifest.xml:18:9-27:18
37            <action android:name="android.intent.action.VIEW" />
37-->[com.google.firebase:firebase-auth:23.2.0] AndroidManifest.xml:36:17-69
37-->[com.google.firebase:firebase-auth:23.2.0] AndroidManifest.xml:36:25-66
38
39            <category android:name="android.intent.category.BROWSABLE" />
39-->[com.google.firebase:firebase-auth:23.2.0] AndroidManifest.xml:39:17-78
39-->[com.google.firebase:firebase-auth:23.2.0] AndroidManifest.xml:39:27-75
40
41            <data
41-->src\main\AndroidManifest.xml:50:13-51
42                android:host="pay"
43                android:mimeType="*/*"
43-->src\main\AndroidManifest.xml:50:19-48
44                android:scheme="upi" />
45        </intent>
46        <intent>
46-->[com.razorpay:standard-core:1.6.46] AndroidManifest.xml:28:9-30:18
47            <action android:name="android.intent.action.MAIN" />
47-->[com.razorpay:standard-core:1.6.46] AndroidManifest.xml:29:13-65
47-->[com.razorpay:standard-core:1.6.46] AndroidManifest.xml:29:21-62
48        </intent>
49        <intent>
49-->[com.razorpay:standard-core:1.6.46] AndroidManifest.xml:31:9-35:18
50            <action android:name="android.intent.action.SEND" />
50-->[com.razorpay:standard-core:1.6.46] AndroidManifest.xml:32:13-65
50-->[com.razorpay:standard-core:1.6.46] AndroidManifest.xml:32:21-62
51
52            <data android:mimeType="*/*" />
52-->src\main\AndroidManifest.xml:50:13-51
52-->src\main\AndroidManifest.xml:50:19-48
53        </intent>
54        <intent>
54-->[com.razorpay:standard-core:1.6.46] AndroidManifest.xml:36:9-38:18
55            <action android:name="rzp.device_token.share" />
55-->[com.razorpay:standard-core:1.6.46] AndroidManifest.xml:37:13-61
55-->[com.razorpay:standard-core:1.6.46] AndroidManifest.xml:37:21-58
56        </intent>
57    </queries>
58
59    <uses-permission android:name="android.permission.RECEIVE_BOOT_COMPLETED" />
59-->[:awesome_notifications_fcm] AndroidManifest.xml:8:5-81
59-->[:awesome_notifications_fcm] AndroidManifest.xml:8:22-78
60    <uses-permission android:name="com.google.android.c2dm.permission.RECEIVE" />
60-->[:awesome_notifications_fcm] AndroidManifest.xml:9:5-82
60-->[:awesome_notifications_fcm] AndroidManifest.xml:9:22-79
61    <uses-permission android:name="android.permission.WAKE_LOCK" />
61-->[:firebase_messaging] AndroidManifest.xml:8:5-68
61-->[:firebase_messaging] AndroidManifest.xml:8:22-65
62    <uses-permission android:name="android.permission.ACCESS_NETWORK_STATE" /> <!-- Permissions options for the `notification` group -->
62-->[:firebase_messaging] AndroidManifest.xml:9:5-79
62-->[:firebase_messaging] AndroidManifest.xml:9:22-76
63    <uses-permission android:name="android.permission.POST_NOTIFICATIONS" />
63-->[:firebase_messaging] AndroidManifest.xml:11:5-77
63-->[:firebase_messaging] AndroidManifest.xml:11:22-74
64    <uses-permission android:name="android.permission.BROADCAST_CLOSE_SYSTEM_DIALOGS" />
64-->[:awesome_notifications] AndroidManifest.xml:7:5-89
64-->[:awesome_notifications] AndroidManifest.xml:7:22-86
65
66    <uses-feature
66-->[com.google.android.gms:play-services-maps:17.0.0] AndroidManifest.xml:26:5-28:35
67        android:glEsVersion="0x00020000"
67-->[com.google.android.gms:play-services-maps:17.0.0] AndroidManifest.xml:27:9-41
68        android:required="true" />
68-->[com.google.android.gms:play-services-maps:17.0.0] AndroidManifest.xml:28:9-32
69
70    <uses-permission android:name="com.google.android.providers.gsf.permission.READ_GSERVICES" />
70-->[com.google.android.recaptcha:recaptcha:18.6.1] AndroidManifest.xml:9:5-98
70-->[com.google.android.recaptcha:recaptcha:18.6.1] AndroidManifest.xml:9:22-95
71    <uses-permission
71-->[me.carda:AndroidAwnCore:0.10.0] AndroidManifest.xml:9:5-12:47
72        android:name="android.permission.BIND_NOTIFICATION_LISTENER_SERVICE"
72-->[me.carda:AndroidAwnCore:0.10.0] AndroidManifest.xml:10:9-77
73        android:maxSdkVersion="22" />
73-->[me.carda:AndroidAwnCore:0.10.0] AndroidManifest.xml:11:9-35
74
75    <permission
75-->[androidx.core:core:1.13.1] AndroidManifest.xml:22:5-24:47
76        android:name="com.example.pet_care_app.DYNAMIC_RECEIVER_NOT_EXPORTED_PERMISSION"
76-->[androidx.core:core:1.13.1] AndroidManifest.xml:23:9-81
77        android:protectionLevel="signature" />
77-->[androidx.core:core:1.13.1] AndroidManifest.xml:24:9-44
78
79    <uses-permission android:name="com.example.pet_care_app.DYNAMIC_RECEIVER_NOT_EXPORTED_PERMISSION" /> <!-- for android -->
79-->[androidx.core:core:1.13.1] AndroidManifest.xml:26:5-97
79-->[androidx.core:core:1.13.1] AndroidManifest.xml:26:22-94
80    <!-- <uses-permission android:name="com.android.launcher.permission.READ_SETTINGS"/> -->
81    <!-- <uses-permission android:name="com.android.launcher.permission.WRITE_SETTINGS"/> -->
82    <!-- <uses-permission android:name="com.android.launcher.permission.INSTALL_SHORTCUT" /> -->
83    <!-- <uses-permission android:name="com.android.launcher.permission.UNINSTALL_SHORTCUT" /> -->
84    <!-- for Samsung -->
85    <uses-permission android:name="com.sec.android.provider.badge.permission.READ" />
85-->[me.leolin:ShortcutBadger:1.1.22] AndroidManifest.xml:19:5-86
85-->[me.leolin:ShortcutBadger:1.1.22] AndroidManifest.xml:19:22-83
86    <uses-permission android:name="com.sec.android.provider.badge.permission.WRITE" /> <!-- for htc -->
86-->[me.leolin:ShortcutBadger:1.1.22] AndroidManifest.xml:20:5-87
86-->[me.leolin:ShortcutBadger:1.1.22] AndroidManifest.xml:20:22-84
87    <uses-permission android:name="com.htc.launcher.permission.READ_SETTINGS" />
87-->[me.leolin:ShortcutBadger:1.1.22] AndroidManifest.xml:23:5-81
87-->[me.leolin:ShortcutBadger:1.1.22] AndroidManifest.xml:23:22-78
88    <uses-permission android:name="com.htc.launcher.permission.UPDATE_SHORTCUT" /> <!-- for sony -->
88-->[me.leolin:ShortcutBadger:1.1.22] AndroidManifest.xml:24:5-83
88-->[me.leolin:ShortcutBadger:1.1.22] AndroidManifest.xml:24:22-80
89    <uses-permission android:name="com.sonyericsson.home.permission.BROADCAST_BADGE" />
89-->[me.leolin:ShortcutBadger:1.1.22] AndroidManifest.xml:27:5-88
89-->[me.leolin:ShortcutBadger:1.1.22] AndroidManifest.xml:27:22-85
90    <uses-permission android:name="com.sonymobile.home.permission.PROVIDER_INSERT_BADGE" /> <!-- for apex -->
90-->[me.leolin:ShortcutBadger:1.1.22] AndroidManifest.xml:28:5-92
90-->[me.leolin:ShortcutBadger:1.1.22] AndroidManifest.xml:28:22-89
91    <uses-permission android:name="com.anddoes.launcher.permission.UPDATE_COUNT" /> <!-- for solid -->
91-->[me.leolin:ShortcutBadger:1.1.22] AndroidManifest.xml:31:5-84
91-->[me.leolin:ShortcutBadger:1.1.22] AndroidManifest.xml:31:22-81
92    <uses-permission android:name="com.majeur.launcher.permission.UPDATE_BADGE" /> <!-- for huawei -->
92-->[me.leolin:ShortcutBadger:1.1.22] AndroidManifest.xml:34:5-83
92-->[me.leolin:ShortcutBadger:1.1.22] AndroidManifest.xml:34:22-80
93    <uses-permission android:name="com.huawei.android.launcher.permission.CHANGE_BADGE" />
93-->[me.leolin:ShortcutBadger:1.1.22] AndroidManifest.xml:37:5-91
93-->[me.leolin:ShortcutBadger:1.1.22] AndroidManifest.xml:37:22-88
94    <uses-permission android:name="com.huawei.android.launcher.permission.READ_SETTINGS" />
94-->[me.leolin:ShortcutBadger:1.1.22] AndroidManifest.xml:38:5-92
94-->[me.leolin:ShortcutBadger:1.1.22] AndroidManifest.xml:38:22-89
95    <uses-permission android:name="com.huawei.android.launcher.permission.WRITE_SETTINGS" /> <!-- for ZUK -->
95-->[me.leolin:ShortcutBadger:1.1.22] AndroidManifest.xml:39:5-93
95-->[me.leolin:ShortcutBadger:1.1.22] AndroidManifest.xml:39:22-90
96    <uses-permission android:name="android.permission.READ_APP_BADGE" /> <!-- for OPPO -->
96-->[me.leolin:ShortcutBadger:1.1.22] AndroidManifest.xml:42:5-73
96-->[me.leolin:ShortcutBadger:1.1.22] AndroidManifest.xml:42:22-70
97    <uses-permission android:name="com.oppo.launcher.permission.READ_SETTINGS" />
97-->[me.leolin:ShortcutBadger:1.1.22] AndroidManifest.xml:45:5-82
97-->[me.leolin:ShortcutBadger:1.1.22] AndroidManifest.xml:45:22-79
98    <uses-permission android:name="com.oppo.launcher.permission.WRITE_SETTINGS" /> <!-- for EvMe -->
98-->[me.leolin:ShortcutBadger:1.1.22] AndroidManifest.xml:46:5-83
98-->[me.leolin:ShortcutBadger:1.1.22] AndroidManifest.xml:46:22-80
99    <uses-permission android:name="me.everything.badger.permission.BADGE_COUNT_READ" />
99-->[me.leolin:ShortcutBadger:1.1.22] AndroidManifest.xml:49:5-88
99-->[me.leolin:ShortcutBadger:1.1.22] AndroidManifest.xml:49:22-85
100    <uses-permission android:name="me.everything.badger.permission.BADGE_COUNT_WRITE" />
100-->[me.leolin:ShortcutBadger:1.1.22] AndroidManifest.xml:50:5-89
100-->[me.leolin:ShortcutBadger:1.1.22] AndroidManifest.xml:50:22-86
101
102    <application
103        android:name="android.app.Application"
104        android:appComponentFactory="androidx.core.app.CoreComponentFactory"
104-->[androidx.core:core:1.13.1] AndroidManifest.xml:28:18-86
105        android:debuggable="true"
106        android:extractNativeLibs="false"
107        android:icon="@mipmap/ic_launcher"
108        android:label="pet_care_app" >
109        <meta-data
110            android:name="com.google.firebase.messaging.default_notification_icon"
111            android:resource="@drawable/ic_launcher" />
112
113        <activity
114            android:name="com.example.pet_care_app.MainActivity"
115            android:configChanges="orientation|keyboardHidden|keyboard|screenSize|smallestScreenSize|locale|layoutDirection|fontScale|screenLayout|density|uiMode"
116            android:exported="true"
117            android:hardwareAccelerated="true"
118            android:launchMode="singleTop"
119            android:taskAffinity=""
120            android:theme="@style/LaunchTheme"
121            android:windowSoftInputMode="adjustResize" >
122
123            <!--
124                 Specifies an Android theme to apply to this Activity as soon as
125                 the Android process has started. This theme is visible to the user
126                 while the Flutter UI initializes. After that, this theme continues
127                 to determine the Window background behind the Flutter UI.
128            -->
129            <meta-data
130                android:name="io.flutter.embedding.android.NormalTheme"
131                android:resource="@style/NormalTheme" />
132
133            <intent-filter>
134                <action android:name="android.intent.action.MAIN" />
134-->[com.razorpay:standard-core:1.6.46] AndroidManifest.xml:29:13-65
134-->[com.razorpay:standard-core:1.6.46] AndroidManifest.xml:29:21-62
135
136                <category android:name="android.intent.category.LAUNCHER" />
137            </intent-filter>
138        </activity>
139        <!--
140             Don't delete the meta-data below.
141             This is used by the Flutter tool to generate GeneratedPluginRegistrant.java
142        -->
143        <meta-data
144            android:name="flutterEmbedding"
145            android:value="2" />
146        <meta-data
146-->[:awesome_notifications_fcm] AndroidManifest.xml:12:9-14:36
147            android:name="firebase_messaging_auto_init_enabled"
147-->[:awesome_notifications_fcm] AndroidManifest.xml:13:13-64
148            android:value="true" />
148-->[:awesome_notifications_fcm] AndroidManifest.xml:14:13-33
149        <meta-data
149-->[:awesome_notifications_fcm] AndroidManifest.xml:15:9-17:36
150            android:name="delivery_metrics_exported_to_big_query_enabled"
150-->[:awesome_notifications_fcm] AndroidManifest.xml:16:13-74
151            android:value="true" />
151-->[:awesome_notifications_fcm] AndroidManifest.xml:17:13-33
152
153        <receiver
153-->[:awesome_notifications_fcm] AndroidManifest.xml:19:9-27:20
154            android:name="me.carda.awesome_notifications_fcm.core.services.BootBroadcastReceiver"
154-->[:awesome_notifications_fcm] AndroidManifest.xml:20:13-98
155            android:exported="true" >
155-->[:awesome_notifications_fcm] AndroidManifest.xml:21:13-36
156            <intent-filter>
156-->[:awesome_notifications_fcm] AndroidManifest.xml:22:13-26:29
157                <action android:name="android.intent.action.BOOT_COMPLETED" />
157-->[:awesome_notifications_fcm] AndroidManifest.xml:23:17-79
157-->[:awesome_notifications_fcm] AndroidManifest.xml:23:25-76
158
159                <category android:name="android.intent.category.HOME" />
159-->[:awesome_notifications_fcm] AndroidManifest.xml:25:17-73
159-->[:awesome_notifications_fcm] AndroidManifest.xml:25:27-70
160            </intent-filter>
161        </receiver>
162
163        <service
163-->[:awesome_notifications_fcm] AndroidManifest.xml:29:9-36:19
164            android:name="me.carda.awesome_notifications_fcm.DartFcmService"
164-->[:awesome_notifications_fcm] AndroidManifest.xml:30:13-77
165            android:directBootAware="true"
165-->[:awesome_notifications_fcm] AndroidManifest.xml:31:13-43
166            android:exported="false" >
166-->[:awesome_notifications_fcm] AndroidManifest.xml:32:13-37
167            <intent-filter>
167-->[:awesome_notifications_fcm] AndroidManifest.xml:33:13-35:29
168                <action android:name="com.google.firebase.MESSAGING_EVENT" />
168-->[:awesome_notifications_fcm] AndroidManifest.xml:34:17-78
168-->[:awesome_notifications_fcm] AndroidManifest.xml:34:25-75
169            </intent-filter>
170        </service>
171        <service
171-->[:firebase_auth] AndroidManifest.xml:8:9-12:19
172            android:name="com.google.firebase.components.ComponentDiscoveryService"
172-->[:firebase_auth] AndroidManifest.xml:8:18-89
173            android:directBootAware="true"
173-->[com.google.firebase:firebase-common:21.0.0] AndroidManifest.xml:32:13-43
174            android:exported="false" >
174-->[com.google.firebase:firebase-auth:23.2.0] AndroidManifest.xml:68:13-37
175            <meta-data
175-->[:firebase_auth] AndroidManifest.xml:9:13-11:85
176                android:name="com.google.firebase.components:io.flutter.plugins.firebase.auth.FlutterFirebaseAuthRegistrar"
176-->[:firebase_auth] AndroidManifest.xml:10:17-124
177                android:value="com.google.firebase.components.ComponentRegistrar" />
177-->[:firebase_auth] AndroidManifest.xml:11:17-82
178            <meta-data
178-->[:firebase_crashlytics] AndroidManifest.xml:9:13-11:85
179                android:name="com.google.firebase.components:io.flutter.plugins.firebase.crashlytics.FlutterFirebaseAppRegistrar"
179-->[:firebase_crashlytics] AndroidManifest.xml:10:17-130
180                android:value="com.google.firebase.components.ComponentRegistrar" />
180-->[:firebase_crashlytics] AndroidManifest.xml:11:17-82
181            <meta-data
181-->[:firebase_messaging] AndroidManifest.xml:36:13-38:85
182                android:name="com.google.firebase.components:io.flutter.plugins.firebase.messaging.FlutterFirebaseAppRegistrar"
182-->[:firebase_messaging] AndroidManifest.xml:37:17-128
183                android:value="com.google.firebase.components.ComponentRegistrar" />
183-->[:firebase_messaging] AndroidManifest.xml:38:17-82
184            <meta-data
184-->[:firebase_core] AndroidManifest.xml:9:13-11:85
185                android:name="com.google.firebase.components:io.flutter.plugins.firebase.core.FlutterFirebaseCoreRegistrar"
185-->[:firebase_core] AndroidManifest.xml:10:17-124
186                android:value="com.google.firebase.components.ComponentRegistrar" />
186-->[:firebase_core] AndroidManifest.xml:11:17-82
187            <meta-data
187-->[com.google.firebase:firebase-auth:23.2.0] AndroidManifest.xml:69:13-71:85
188                android:name="com.google.firebase.components:com.google.firebase.auth.FirebaseAuthRegistrar"
188-->[com.google.firebase:firebase-auth:23.2.0] AndroidManifest.xml:70:17-109
189                android:value="com.google.firebase.components.ComponentRegistrar" />
189-->[com.google.firebase:firebase-auth:23.2.0] AndroidManifest.xml:71:17-82
190            <meta-data
190-->[com.google.firebase:firebase-messaging:24.1.0] AndroidManifest.xml:57:13-59:85
191                android:name="com.google.firebase.components:com.google.firebase.messaging.FirebaseMessagingKtxRegistrar"
191-->[com.google.firebase:firebase-messaging:24.1.0] AndroidManifest.xml:58:17-122
192                android:value="com.google.firebase.components.ComponentRegistrar" />
192-->[com.google.firebase:firebase-messaging:24.1.0] AndroidManifest.xml:59:17-82
193            <meta-data
193-->[com.google.firebase:firebase-messaging:24.1.0] AndroidManifest.xml:60:13-62:85
194                android:name="com.google.firebase.components:com.google.firebase.messaging.FirebaseMessagingRegistrar"
194-->[com.google.firebase:firebase-messaging:24.1.0] AndroidManifest.xml:61:17-119
195                android:value="com.google.firebase.components.ComponentRegistrar" />
195-->[com.google.firebase:firebase-messaging:24.1.0] AndroidManifest.xml:62:17-82
196            <meta-data
196-->[com.google.firebase:firebase-crashlytics:19.4.0] AndroidManifest.xml:15:13-17:85
197                android:name="com.google.firebase.components:com.google.firebase.crashlytics.FirebaseCrashlyticsKtxRegistrar"
197-->[com.google.firebase:firebase-crashlytics:19.4.0] AndroidManifest.xml:16:17-126
198                android:value="com.google.firebase.components.ComponentRegistrar" />
198-->[com.google.firebase:firebase-crashlytics:19.4.0] AndroidManifest.xml:17:17-82
199            <meta-data
199-->[com.google.firebase:firebase-crashlytics:19.4.0] AndroidManifest.xml:18:13-20:85
200                android:name="com.google.firebase.components:com.google.firebase.crashlytics.CrashlyticsRegistrar"
200-->[com.google.firebase:firebase-crashlytics:19.4.0] AndroidManifest.xml:19:17-115
201                android:value="com.google.firebase.components.ComponentRegistrar" />
201-->[com.google.firebase:firebase-crashlytics:19.4.0] AndroidManifest.xml:20:17-82
202            <meta-data
202-->[com.google.firebase:firebase-sessions:2.0.8] AndroidManifest.xml:29:13-31:85
203                android:name="com.google.firebase.components:com.google.firebase.sessions.FirebaseSessionsRegistrar"
203-->[com.google.firebase:firebase-sessions:2.0.8] AndroidManifest.xml:30:17-117
204                android:value="com.google.firebase.components.ComponentRegistrar" />
204-->[com.google.firebase:firebase-sessions:2.0.8] AndroidManifest.xml:31:17-82
205            <meta-data
205-->[com.google.firebase:firebase-installations:18.0.0] AndroidManifest.xml:15:13-17:85
206                android:name="com.google.firebase.components:com.google.firebase.installations.FirebaseInstallationsKtxRegistrar"
206-->[com.google.firebase:firebase-installations:18.0.0] AndroidManifest.xml:16:17-130
207                android:value="com.google.firebase.components.ComponentRegistrar" />
207-->[com.google.firebase:firebase-installations:18.0.0] AndroidManifest.xml:17:17-82
208            <meta-data
208-->[com.google.firebase:firebase-installations:18.0.0] AndroidManifest.xml:18:13-20:85
209                android:name="com.google.firebase.components:com.google.firebase.installations.FirebaseInstallationsRegistrar"
209-->[com.google.firebase:firebase-installations:18.0.0] AndroidManifest.xml:19:17-127
210                android:value="com.google.firebase.components.ComponentRegistrar" />
210-->[com.google.firebase:firebase-installations:18.0.0] AndroidManifest.xml:20:17-82
211            <meta-data
211-->[com.google.firebase:firebase-common-ktx:21.0.0] AndroidManifest.xml:12:13-14:85
212                android:name="com.google.firebase.components:com.google.firebase.ktx.FirebaseCommonLegacyRegistrar"
212-->[com.google.firebase:firebase-common-ktx:21.0.0] AndroidManifest.xml:13:17-116
213                android:value="com.google.firebase.components.ComponentRegistrar" />
213-->[com.google.firebase:firebase-common-ktx:21.0.0] AndroidManifest.xml:14:17-82
214            <meta-data
214-->[com.google.firebase:firebase-common:21.0.0] AndroidManifest.xml:35:13-37:85
215                android:name="com.google.firebase.components:com.google.firebase.FirebaseCommonKtxRegistrar"
215-->[com.google.firebase:firebase-common:21.0.0] AndroidManifest.xml:36:17-109
216                android:value="com.google.firebase.components.ComponentRegistrar" />
216-->[com.google.firebase:firebase-common:21.0.0] AndroidManifest.xml:37:17-82
217            <meta-data
217-->[com.google.firebase:firebase-datatransport:19.0.0] AndroidManifest.xml:25:13-27:85
218                android:name="com.google.firebase.components:com.google.firebase.datatransport.TransportRegistrar"
218-->[com.google.firebase:firebase-datatransport:19.0.0] AndroidManifest.xml:26:17-115
219                android:value="com.google.firebase.components.ComponentRegistrar" />
219-->[com.google.firebase:firebase-datatransport:19.0.0] AndroidManifest.xml:27:17-82
220        </service>
221        <service
221-->[:firebase_messaging] AndroidManifest.xml:14:9-17:72
222            android:name="io.flutter.plugins.firebase.messaging.FlutterFirebaseMessagingBackgroundService"
222-->[:firebase_messaging] AndroidManifest.xml:15:13-107
223            android:exported="false"
223-->[:firebase_messaging] AndroidManifest.xml:16:13-37
224            android:permission="android.permission.BIND_JOB_SERVICE" />
224-->[:firebase_messaging] AndroidManifest.xml:17:13-69
225        <service
225-->[:firebase_messaging] AndroidManifest.xml:18:9-24:19
226            android:name="io.flutter.plugins.firebase.messaging.FlutterFirebaseMessagingService"
226-->[:firebase_messaging] AndroidManifest.xml:19:13-97
227            android:exported="false" >
227-->[:firebase_messaging] AndroidManifest.xml:20:13-37
228            <intent-filter>
228-->[:awesome_notifications_fcm] AndroidManifest.xml:33:13-35:29
229                <action android:name="com.google.firebase.MESSAGING_EVENT" />
229-->[:awesome_notifications_fcm] AndroidManifest.xml:34:17-78
229-->[:awesome_notifications_fcm] AndroidManifest.xml:34:25-75
230            </intent-filter>
231        </service>
232
233        <receiver
233-->[:firebase_messaging] AndroidManifest.xml:26:9-33:20
234            android:name="io.flutter.plugins.firebase.messaging.FlutterFirebaseMessagingReceiver"
234-->[:firebase_messaging] AndroidManifest.xml:27:13-98
235            android:exported="true"
235-->[:firebase_messaging] AndroidManifest.xml:28:13-36
236            android:permission="com.google.android.c2dm.permission.SEND" >
236-->[:firebase_messaging] AndroidManifest.xml:29:13-73
237            <intent-filter>
237-->[:firebase_messaging] AndroidManifest.xml:30:13-32:29
238                <action android:name="com.google.android.c2dm.intent.RECEIVE" />
238-->[:firebase_messaging] AndroidManifest.xml:31:17-81
238-->[:firebase_messaging] AndroidManifest.xml:31:25-78
239            </intent-filter>
240        </receiver>
241
242        <provider
242-->[:firebase_messaging] AndroidManifest.xml:41:9-45:38
243            android:name="io.flutter.plugins.firebase.messaging.FlutterFirebaseMessagingInitProvider"
243-->[:firebase_messaging] AndroidManifest.xml:42:13-102
244            android:authorities="com.example.pet_care_app.flutterfirebasemessaginginitprovider"
244-->[:firebase_messaging] AndroidManifest.xml:43:13-88
245            android:exported="false"
245-->[:firebase_messaging] AndroidManifest.xml:44:13-37
246            android:initOrder="99" />
246-->[:firebase_messaging] AndroidManifest.xml:45:13-35
247
248        <service
248-->[me.carda:AndroidAwnFcmCore:0.10.0] AndroidManifest.xml:8:9-11:72
249            android:name="me.carda.awesome_notifications_fcm.core.services.FcmSilentService"
249-->[me.carda:AndroidAwnFcmCore:0.10.0] AndroidManifest.xml:9:13-93
250            android:exported="false"
250-->[me.carda:AndroidAwnFcmCore:0.10.0] AndroidManifest.xml:10:13-37
251            android:permission="android.permission.BIND_JOB_SERVICE" />
251-->[me.carda:AndroidAwnFcmCore:0.10.0] AndroidManifest.xml:11:13-69
252
253        <activity
253-->[com.google.firebase:firebase-auth:23.2.0] AndroidManifest.xml:29:9-46:20
254            android:name="com.google.firebase.auth.internal.GenericIdpActivity"
254-->[com.google.firebase:firebase-auth:23.2.0] AndroidManifest.xml:30:13-80
255            android:excludeFromRecents="true"
255-->[com.google.firebase:firebase-auth:23.2.0] AndroidManifest.xml:31:13-46
256            android:exported="true"
256-->[com.google.firebase:firebase-auth:23.2.0] AndroidManifest.xml:32:13-36
257            android:launchMode="singleTask"
257-->[com.google.firebase:firebase-auth:23.2.0] AndroidManifest.xml:33:13-44
258            android:theme="@android:style/Theme.Translucent.NoTitleBar" >
258-->[com.google.firebase:firebase-auth:23.2.0] AndroidManifest.xml:34:13-72
259            <intent-filter>
259-->[com.google.firebase:firebase-auth:23.2.0] AndroidManifest.xml:35:13-45:29
260                <action android:name="android.intent.action.VIEW" />
260-->[com.google.firebase:firebase-auth:23.2.0] AndroidManifest.xml:36:17-69
260-->[com.google.firebase:firebase-auth:23.2.0] AndroidManifest.xml:36:25-66
261
262                <category android:name="android.intent.category.DEFAULT" />
262-->[com.google.firebase:firebase-auth:23.2.0] AndroidManifest.xml:38:17-76
262-->[com.google.firebase:firebase-auth:23.2.0] AndroidManifest.xml:38:27-73
263                <category android:name="android.intent.category.BROWSABLE" />
263-->[com.google.firebase:firebase-auth:23.2.0] AndroidManifest.xml:39:17-78
263-->[com.google.firebase:firebase-auth:23.2.0] AndroidManifest.xml:39:27-75
264
265                <data
265-->src\main\AndroidManifest.xml:50:13-51
266                    android:host="firebase.auth"
267                    android:path="/"
268                    android:scheme="genericidp" />
269            </intent-filter>
270        </activity>
271        <activity
271-->[com.google.firebase:firebase-auth:23.2.0] AndroidManifest.xml:47:9-64:20
272            android:name="com.google.firebase.auth.internal.RecaptchaActivity"
272-->[com.google.firebase:firebase-auth:23.2.0] AndroidManifest.xml:48:13-79
273            android:excludeFromRecents="true"
273-->[com.google.firebase:firebase-auth:23.2.0] AndroidManifest.xml:49:13-46
274            android:exported="true"
274-->[com.google.firebase:firebase-auth:23.2.0] AndroidManifest.xml:50:13-36
275            android:launchMode="singleTask"
275-->[com.google.firebase:firebase-auth:23.2.0] AndroidManifest.xml:51:13-44
276            android:theme="@android:style/Theme.Translucent.NoTitleBar" >
276-->[com.google.firebase:firebase-auth:23.2.0] AndroidManifest.xml:52:13-72
277            <intent-filter>
277-->[com.google.firebase:firebase-auth:23.2.0] AndroidManifest.xml:53:13-63:29
278                <action android:name="android.intent.action.VIEW" />
278-->[com.google.firebase:firebase-auth:23.2.0] AndroidManifest.xml:36:17-69
278-->[com.google.firebase:firebase-auth:23.2.0] AndroidManifest.xml:36:25-66
279
280                <category android:name="android.intent.category.DEFAULT" />
280-->[com.google.firebase:firebase-auth:23.2.0] AndroidManifest.xml:38:17-76
280-->[com.google.firebase:firebase-auth:23.2.0] AndroidManifest.xml:38:27-73
281                <category android:name="android.intent.category.BROWSABLE" />
281-->[com.google.firebase:firebase-auth:23.2.0] AndroidManifest.xml:39:17-78
281-->[com.google.firebase:firebase-auth:23.2.0] AndroidManifest.xml:39:27-75
282
283                <data
283-->src\main\AndroidManifest.xml:50:13-51
284                    android:host="firebase.auth"
285                    android:path="/"
286                    android:scheme="recaptcha" />
287            </intent-filter>
288        </activity>
289
290        <receiver